Created by PLY version 3.11 (http://www.dabeaz.com/ply)

Grammar

Rule 0     S' -> command
Rule 1     command -> OPERATE TYPE OBJECT

Terminals, with rules where they appear

OBJECT               : 1
OPERATE              : 1
TYPE                 : 1
error                : 

Nonterminals, with rules where they appear

command              : 0

Parsing method: LALR

state 0

    (0) S' -> . command
    (1) command -> . OPERATE TYPE OBJECT

    OPERATE         shift and go to state 2

    command                        shift and go to state 1

state 1

    (0) S' -> command .



state 2

    (1) command -> OPERATE . TYPE OBJECT

    TYPE            shift and go to state 3


state 3

    (1) command -> OPERATE TYPE . OBJECT

    OBJECT          shift and go to state 4


state 4

    (1) command -> OPERATE TYPE OBJECT .

    $end            reduce using rule 1 (command -> OPERATE TYPE OBJECT .)

